Downloading 240 shards using 4 workers...
Target directory: /home/dave/.cache/nanochat/base_data

Downloading shard_00015.parquet...
Successfully downloaded shard_00015.parquet
Downloading shard_00016.parquet...
Successfully downloaded shard_00016.parquet
Downloading shard_00017.parquet...
Successfully downloaded shard_00017.parquet
Downloading shard_00018.parquet...
Successfully downloaded shard_00018.parquet
Downloading shard_00019.parquet...
Successfully downloaded shard_00019.parquet
Downloading shard_00020.parquet...
Successfully downloaded shard_00020.parquet
Downloading shard_00021.parquet...
Successfully downloaded shard_00021.parquet
Downloading shard_00022.parquet...
Successfully downloaded shard_00022.parquet
Downloading shard_00023.parquet...
Successfully downloaded shard_00023.parquet
Downloading shard_00024.parquet...
Successfully downloaded shard_00024.parquet
Downloading shard_00025.parquet...
Successfully downloaded shard_00025.parquet
Downloading shard_00026.parquet...
Successfully downloaded shard_00026.parquet
Downloading shard_00027.parquet...
Successfully downloaded shard_00027.parquet
Downloading shard_00028.parquet...
Successfully downloaded shard_00028.parquet
Downloading shard_00029.parquet...
Successfully downloaded shard_00029.parquet
Downloading shard_00090.parquet...
Successfully downloaded shard_00090.parquet
Downloading shard_00091.parquet...
Successfully downloaded shard_00091.parquet
Downloading shard_00092.parquet...
Successfully downloaded shard_00092.parquet
Downloading shard_00093.parquet...
Successfully downloaded shard_00093.parquet
Downloading shard_00094.parquet...
Successfully downloaded shard_00094.parquet
Downloading shard_00095.parquet...
Successfully downloaded shard_00095.parquet
Downloading shard_00096.parquet...
Successfully downloaded shard_00096.parquet
Downloading shard_00097.parquet...
Successfully downloaded shard_00097.parquet
Downloading shard_00098.parquet...
Successfully downloaded shard_00098.parquet
Downloading shard_00099.parquet...
Successfully downloaded shard_00099.parquet
Downloading shard_00100.parquet...
Successfully downloaded shard_00100.parquet
Downloading shard_00101.parquet...
Successfully downloaded shard_00101.parquet
Downloading shard_00102.parquet...
Successfully downloaded shard_00102.parquet
Downloading shard_00103.parquet...
Successfully downloaded shard_00103.parquet
Downloading shard_00104.parquet...
Successfully downloaded shard_00104.parquet
Downloading shard_00150.parquet...
Successfully downloaded shard_00150.parquet
Downloading shard_00151.parquet...
Successfully downloaded shard_00151.parquet
Downloading shard_00152.parquet...
Successfully downloaded shard_00152.parquet
Downloading shard_00153.parquet...
Successfully downloaded shard_00153.parquet
Downloading shard_00154.parquet...
Successfully downloaded shard_00154.parquet
Downloading shard_00155.parquet...
Successfully downloaded shard_00155.parquet
Downloading shard_00156.parquet...
Successfully downloaded shard_00156.parquet
Downloading shard_00157.parquet...
Successfully downloaded shard_00157.parquet
Downloading shard_00158.parquet...
Successfully downloaded shard_00158.parquet
Downloading shard_00159.parquet...
Successfully downloaded shard_00159.parquet
Downloading shard_00160.parquet...
Successfully downloaded shard_00160.parquet
Downloading shard_00161.parquet...
Successfully downloaded shard_00161.parquet
Downloading shard_00162.parquet...
Successfully downloaded shard_00162.parquet
Downloading shard_00163.parquet...
Successfully downloaded shard_00163.parquet
Downloading shard_00164.parquet...
Successfully downloaded shard_00164.parquet
Downloading shard_00195.parquet...
Successfully downloaded shard_00195.parquet
Downloading shard_00196.parquet...
Successfully downloaded shard_00196.parquet
Downloading shard_00197.parquet...
Successfully downloaded shard_00197.parquet
Downloading shard_00198.parquet...
Successfully downloaded shard_00198.parquet
Downloading shard_00199.parquet...
Successfully downloaded shard_00199.parquet
Downloading shard_00200.parquet...
Successfully downloaded shard_00200.parquet
Downloading shard_00201.parquet...
Successfully downloaded shard_00201.parquet
Downloading shard_00202.parquet...
Successfully downloaded shard_00202.parquet
Downloading shard_00203.parquet...
Successfully downloaded shard_00203.parquet
Downloading shard_00204.parquet...
Successfully downloaded shard_00204.parquet
Downloading shard_00205.parquet...
Successfully downloaded shard_00205.parquet
Downloading shard_00206.parquet...
Successfully downloaded shard_00206.parquet
Downloading shard_00207.parquet...
Successfully downloaded shard_00207.parquet
Downloading shard_00208.parquet...
Successfully downloaded shard_00208.parquet
Downloading shard_00209.parquet...
Successfully downloaded shard_00209.parquet
Downloading shard_00030.parquet...
Successfully downloaded shard_00030.parquet
Downloading shard_00031.parquet...
Successfully downloaded shard_00031.parquet
Downloading shard_00032.parquet...
Successfully downloaded shard_00032.parquet
Downloading shard_00033.parquet...
Successfully downloaded shard_00033.parquet
Downloading shard_00034.parquet...
Successfully downloaded shard_00034.parquet
Downloading shard_00035.parquet...
Successfully downloaded shard_00035.parquet
Downloading shard_00036.parquet...
Successfully downloaded shard_00036.parquet
Downloading shard_00037.parquet...
Successfully downloaded shard_00037.parquet
Downloading shard_00038.parquet...
Successfully downloaded shard_00038.parquet
Downloading shard_00039.parquet...
Successfully downloaded shard_00039.parquet
Downloading shard_00040.parquet...
Successfully downloaded shard_00040.parquet
Downloading shard_00041.parquet...
Successfully downloaded shard_00041.parquet
Downloading shard_00042.parquet...
Successfully downloaded shard_00042.parquet
Downloading shard_00043.parquet...
Successfully downloaded shard_00043.parquet
Downloading shard_00044.parquet...
Successfully downloaded shard_00044.parquet
Downloading shard_00105.parquet...
Successfully downloaded shard_00105.parquet
Downloading shard_00106.parquet...
Successfully downloaded shard_00106.parquet
Downloading shard_00107.parquet...
Successfully downloaded shard_00107.parquet
Downloading shard_00108.parquet...
Successfully downloaded shard_00108.parquet
Downloading shard_00109.parquet...
Successfully downloaded shard_00109.parquet
Downloading shard_00110.parquet...
Successfully downloaded shard_00110.parquet
Downloading shard_00111.parquet...
Successfully downloaded shard_00111.parquet
Downloading shard_00112.parquet...
Successfully downloaded shard_00112.parquet
Downloading shard_00113.parquet...
Successfully downloaded shard_00113.parquet
Downloading shard_00114.parquet...
Successfully downloaded shard_00114.parquet
Downloading shard_00115.parquet...
Successfully downloaded shard_00115.parquet
Downloading shard_00116.parquet...
Successfully downloaded shard_00116.parquet
Downloading shard_00117.parquet...
Successfully downloaded shard_00117.parquet
Downloading shard_00118.parquet...
Successfully downloaded shard_00118.parquet
Downloading shard_00119.parquet...
Successfully downloaded shard_00119.parquet
Downloading shard_00165.parquet...
Successfully downloaded shard_00165.parquet
Downloading shard_00166.parquet...
Successfully downloaded shard_00166.parquet
Downloading shard_00167.parquet...
Successfully downloaded shard_00167.parquet
Downloading shard_00168.parquet...
Successfully downloaded shard_00168.parquet
Downloading shard_00169.parquet...
Successfully downloaded shard_00169.parquet
Downloading shard_00170.parquet...
Successfully downloaded shard_00170.parquet
Downloading shard_00171.parquet...
Successfully downloaded shard_00171.parquet
Downloading shard_00172.parquet...
Successfully downloaded shard_00172.parquet
Downloading shard_00173.parquet...
Successfully downloaded shard_00173.parquet
Downloading shard_00174.parquet...
Successfully downloaded shard_00174.parquet
Downloading shard_00175.parquet...
Successfully downloaded shard_00175.parquet
Downloading shard_00176.parquet...
Successfully downloaded shard_00176.parquet
Downloading shard_00177.parquet...
Successfully downloaded shard_00177.parquet
Downloading shard_00178.parquet...
Successfully downloaded shard_00178.parquet
Downloading shard_00179.parquet...
Successfully downloaded shard_00179.parquet
Downloading shard_00045.parquet...
Successfully downloaded shard_00045.parquet
Downloading shard_00046.parquet...
Successfully downloaded shard_00046.parquet
Downloading shard_00047.parquet...
Successfully downloaded shard_00047.parquet
Downloading shard_00048.parquet...
Successfully downloaded shard_00048.parquet
Downloading shard_00049.parquet...
Successfully downloaded shard_00049.parquet
Downloading shard_00050.parquet...
Successfully downloaded shard_00050.parquet
Downloading shard_00051.parquet...
Successfully downloaded shard_00051.parquet
Downloading shard_00052.parquet...
Successfully downloaded shard_00052.parquet
Downloading shard_00053.parquet...
Successfully downloaded shard_00053.parquet
Downloading shard_00054.parquet...
Successfully downloaded shard_00054.parquet
Downloading shard_00055.parquet...
Successfully downloaded shard_00055.parquet
Downloading shard_00056.parquet...
Successfully downloaded shard_00056.parquet
Downloading shard_00057.parquet...
Successfully downloaded shard_00057.parquet
Downloading shard_00058.parquet...
Successfully downloaded shard_00058.parquet
Downloading shard_00059.parquet...
Successfully downloaded shard_00059.parquet
Downloading shard_00075.parquet...
Successfully downloaded shard_00075.parquet
Downloading shard_00076.parquet...
Successfully downloaded shard_00076.parquet
Downloading shard_00077.parquet...
Successfully downloaded shard_00077.parquet
Downloading shard_00078.parquet...
Successfully downloaded shard_00078.parquet
Downloading shard_00079.parquet...
Successfully downloaded shard_00079.parquet
Downloading shard_00080.parquet...
Successfully downloaded shard_00080.parquet
Downloading shard_00081.parquet...
Successfully downloaded shard_00081.parquet
Downloading shard_00082.parquet...
Successfully downloaded shard_00082.parquet
Downloading shard_00083.parquet...
Successfully downloaded shard_00083.parquet
Downloading shard_00084.parquet...
Successfully downloaded shard_00084.parquet
Downloading shard_00085.parquet...
Successfully downloaded shard_00085.parquet
Downloading shard_00086.parquet...
Successfully downloaded shard_00086.parquet
Downloading shard_00087.parquet...
Successfully downloaded shard_00087.parquet
Downloading shard_00088.parquet...
Successfully downloaded shard_00088.parquet
Downloading shard_00089.parquet...
Successfully downloaded shard_00089.parquet
Downloading shard_00135.parquet...
Successfully downloaded shard_00135.parquet
Downloading shard_00136.parquet...
Successfully downloaded shard_00136.parquet
Downloading shard_00137.parquet...
Successfully downloaded shard_00137.parquet
Downloading shard_00138.parquet...
Successfully downloaded shard_00138.parquet
Downloading shard_00139.parquet...
Successfully downloaded shard_00139.parquet
Downloading shard_00140.parquet...
Successfully downloaded shard_00140.parquet
Downloading shard_00141.parquet...
Successfully downloaded shard_00141.parquet
Downloading shard_00142.parquet...
Successfully downloaded shard_00142.parquet
Downloading shard_00143.parquet...
Successfully downloaded shard_00143.parquet
Downloading shard_00144.parquet...
Successfully downloaded shard_00144.parquet
Downloading shard_00145.parquet...
Successfully downloaded shard_00145.parquet
Downloading shard_00146.parquet...
Successfully downloaded shard_00146.parquet
Downloading shard_00147.parquet...
Successfully downloaded shard_00147.parquet
Downloading shard_00148.parquet...
Successfully downloaded shard_00148.parquet
Downloading shard_00149.parquet...
Successfully downloaded shard_00149.parquet
Downloading shard_00210.parquet...
Successfully downloaded shard_00210.parquet
Downloading shard_00211.parquet...
Successfully downloaded shard_00211.parquet
Downloading shard_00212.parquet...
Successfully downloaded shard_00212.parquet
Downloading shard_00213.parquet...
Successfully downloaded shard_00213.parquet
Downloading shard_00214.parquet...
Successfully downloaded shard_00214.parquet
Downloading shard_00215.parquet...
Successfully downloaded shard_00215.parquet
Downloading shard_00216.parquet...
Successfully downloaded shard_00216.parquet
Downloading shard_00217.parquet...
Successfully downloaded shard_00217.parquet
Downloading shard_00218.parquet...
Successfully downloaded shard_00218.parquet
Downloading shard_00219.parquet...
Successfully downloaded shard_00219.parquet
Downloading shard_00220.parquet...
Successfully downloaded shard_00220.parquet
Downloading shard_00221.parquet...
Successfully downloaded shard_00221.parquet
Downloading shard_00222.parquet...
Successfully downloaded shard_00222.parquet
Downloading shard_00223.parquet...
Successfully downloaded shard_00223.parquet
Downloading shard_00224.parquet...
Successfully downloaded shard_00224.parquet
Skipping /home/dave/.cache/nanochat/base_data/shard_00000.parquet (already exists)
Skipping /home/dave/.cache/nanochat/base_data/shard_00001.parquet (already exists)
Skipping /home/dave/.cache/nanochat/base_data/shard_00002.parquet (already exists)
Skipping /home/dave/.cache/nanochat/base_data/shard_00003.parquet (already exists)
Skipping /home/dave/.cache/nanochat/base_data/shard_00004.parquet (already exists)
Skipping /home/dave/.cache/nanochat/base_data/shard_00005.parquet (already exists)
Skipping /home/dave/.cache/nanochat/base_data/shard_00006.parquet (already exists)
Skipping /home/dave/.cache/nanochat/base_data/shard_00007.parquet (already exists)
Downloading shard_00008.parquet...
Successfully downloaded shard_00008.parquet
Downloading shard_00009.parquet...
Successfully downloaded shard_00009.parquet
Downloading shard_00010.parquet...
Successfully downloaded shard_00010.parquet
Downloading shard_00011.parquet...
Successfully downloaded shard_00011.parquet
Downloading shard_00012.parquet...
Successfully downloaded shard_00012.parquet
Downloading shard_00013.parquet...
Successfully downloaded shard_00013.parquet
Downloading shard_00014.parquet...
Successfully downloaded shard_00014.parquet
Downloading shard_00060.parquet...
Successfully downloaded shard_00060.parquet
Downloading shard_00061.parquet...
Successfully downloaded shard_00061.parquet
Downloading shard_00062.parquet...
Successfully downloaded shard_00062.parquet
Downloading shard_00063.parquet...
Successfully downloaded shard_00063.parquet
Downloading shard_00064.parquet...
Successfully downloaded shard_00064.parquet
Downloading shard_00065.parquet...
Successfully downloaded shard_00065.parquet
Downloading shard_00066.parquet...
Successfully downloaded shard_00066.parquet
Downloading shard_00067.parquet...
Successfully downloaded shard_00067.parquet
Downloading shard_00068.parquet...
Successfully downloaded shard_00068.parquet
Downloading shard_00069.parquet...
Successfully downloaded shard_00069.parquet
Downloading shard_00070.parquet...
Successfully downloaded shard_00070.parquet
Downloading shard_00071.parquet...
Successfully downloaded shard_00071.parquet
Downloading shard_00072.parquet...
Successfully downloaded shard_00072.parquet
Downloading shard_00073.parquet...
Successfully downloaded shard_00073.parquet
Downloading shard_00074.parquet...
Successfully downloaded shard_00074.parquet
Downloading shard_00120.parquet...
Successfully downloaded shard_00120.parquet
Downloading shard_00121.parquet...
Successfully downloaded shard_00121.parquet
Downloading shard_00122.parquet...
Successfully downloaded shard_00122.parquet
Downloading shard_00123.parquet...
Successfully downloaded shard_00123.parquet
Downloading shard_00124.parquet...
Successfully downloaded shard_00124.parquet
Downloading shard_00125.parquet...
Successfully downloaded shard_00125.parquet
Downloading shard_00126.parquet...
Successfully downloaded shard_00126.parquet
Downloading shard_00127.parquet...
Successfully downloaded shard_00127.parquet
Downloading shard_00128.parquet...
Successfully downloaded shard_00128.parquet
Downloading shard_00129.parquet...
Successfully downloaded shard_00129.parquet
Downloading shard_00130.parquet...
Successfully downloaded shard_00130.parquet
Downloading shard_00131.parquet...
Successfully downloaded shard_00131.parquet
Downloading shard_00132.parquet...
Successfully downloaded shard_00132.parquet
Downloading shard_00133.parquet...
Successfully downloaded shard_00133.parquet
Downloading shard_00134.parquet...
Successfully downloaded shard_00134.parquet
Downloading shard_00180.parquet...
Successfully downloaded shard_00180.parquet
Downloading shard_00181.parquet...
Successfully downloaded shard_00181.parquet
Downloading shard_00182.parquet...
Successfully downloaded shard_00182.parquet
Downloading shard_00183.parquet...
Successfully downloaded shard_00183.parquet
Downloading shard_00184.parquet...
Successfully downloaded shard_00184.parquet
Downloading shard_00185.parquet...
Successfully downloaded shard_00185.parquet
Downloading shard_00186.parquet...
Successfully downloaded shard_00186.parquet
Downloading shard_00187.parquet...
Successfully downloaded shard_00187.parquet
Downloading shard_00188.parquet...
Successfully downloaded shard_00188.parquet
Downloading shard_00189.parquet...
Successfully downloaded shard_00189.parquet
Downloading shard_00190.parquet...
Successfully downloaded shard_00190.parquet
Downloading shard_00191.parquet...
Successfully downloaded shard_00191.parquet
Downloading shard_00192.parquet...
Successfully downloaded shard_00192.parquet
Downloading shard_00193.parquet...
Successfully downloaded shard_00193.parquet
Downloading shard_00194.parquet...
Successfully downloaded shard_00194.parquet
Downloading shard_00225.parquet...
Successfully downloaded shard_00225.parquet
Downloading shard_00226.parquet...
Successfully downloaded shard_00226.parquet
Downloading shard_00227.parquet...
Successfully downloaded shard_00227.parquet
Downloading shard_00228.parquet...
Successfully downloaded shard_00228.parquet
Downloading shard_00229.parquet...
Successfully downloaded shard_00229.parquet
Downloading shard_00230.parquet...
Successfully downloaded shard_00230.parquet
Downloading shard_00231.parquet...
Successfully downloaded shard_00231.parquet
Downloading shard_00232.parquet...
Successfully downloaded shard_00232.parquet
Downloading shard_00233.parquet...
Successfully downloaded shard_00233.parquet
Downloading shard_00234.parquet...
Successfully downloaded shard_00234.parquet
Downloading shard_00235.parquet...
Successfully downloaded shard_00235.parquet
Downloading shard_00236.parquet...
Successfully downloaded shard_00236.parquet
Downloading shard_00237.parquet...
Successfully downloaded shard_00237.parquet
Downloading shard_00238.parquet...
Successfully downloaded shard_00238.parquet
Downloading shard_00239.parquet...
Successfully downloaded shard_00239.parquet
Done! Downloaded: 240/240 shards to /home/dave/.cache/nanochat/base_data
