Input: /home/dave/Downloads/source/nanochat/data/cpp_combined_10b_v3.jsonl
Output: /home/dave/Downloads/source/nanochat/data/docstring_pairs_full.jsonl

  Processed 50,000 files, 55,748 pairs so far
  Processed 100,000 files, 182,234 pairs so far
  Processed 150,000 files, 360,306 pairs so far
  Processed 200,000 files, 463,908 pairs so far
  Processed 250,000 files, 484,580 pairs so far
  Processed 300,000 files, 535,052 pairs so far
  Processed 350,000 files, 671,060 pairs so far
  Processed 400,000 files, 775,067 pairs so far
  Processed 450,000 files, 1,036,633 pairs so far
  Processed 500,000 files, 1,205,688 pairs so far
  Processed 550,000 files, 1,258,956 pairs so far
  Processed 600,000 files, 1,313,746 pairs so far
  Processed 650,000 files, 1,373,853 pairs so far
  Processed 700,000 files, 1,395,443 pairs so far
  Processed 750,000 files, 1,419,648 pairs so far
  Processed 800,000 files, 1,440,224 pairs so far
  Processed 850,000 files, 1,461,664 pairs so far
  Processed 900,000 files, 1,482,774 pairs so far
  Processed 950,000 files, 1,503,888 pairs so far
  Processed 1,000,000 files, 1,525,359 pairs so far
  Processed 1,050,000 files, 1,545,658 pairs so far
  Processed 1,100,000 files, 1,566,872 pairs so far
  Processed 1,150,000 files, 1,589,128 pairs so far
  Processed 1,200,000 files, 1,610,118 pairs so far
  Processed 1,250,000 files, 1,631,300 pairs so far
  Processed 1,300,000 files, 1,653,369 pairs so far
  Processed 1,350,000 files, 1,675,244 pairs so far
  Processed 1,400,000 files, 1,696,203 pairs so far
  Processed 1,450,000 files, 1,718,830 pairs so far
  Processed 1,500,000 files, 1,740,348 pairs so far
  Processed 1,550,000 files, 1,761,074 pairs so far
  Processed 1,600,000 files, 1,782,185 pairs so far
  Processed 1,650,000 files, 1,805,317 pairs so far
  Processed 1,700,000 files, 1,826,067 pairs so far
  Processed 1,750,000 files, 1,849,859 pairs so far
  Processed 1,800,000 files, 1,872,577 pairs so far
  Processed 1,850,000 files, 1,893,333 pairs so far
  Processed 1,900,000 files, 1,915,576 pairs so far
  Processed 1,950,000 files, 1,936,264 pairs so far
  Processed 2,000,000 files, 1,956,828 pairs so far
  Processed 2,050,000 files, 1,978,090 pairs so far
  Processed 2,100,000 files, 1,999,172 pairs so far
  Processed 2,150,000 files, 2,023,286 pairs so far
  Processed 2,200,000 files, 2,045,212 pairs so far
  Processed 2,250,000 files, 2,067,776 pairs so far
  Processed 2,300,000 files, 2,089,949 pairs so far
  Processed 2,350,000 files, 2,112,043 pairs so far
  Processed 2,400,000 files, 2,133,181 pairs so far
  Processed 2,450,000 files, 2,154,546 pairs so far
  Processed 2,500,000 files, 2,176,328 pairs so far
  Processed 2,550,000 files, 2,197,189 pairs so far
  Processed 2,600,000 files, 2,218,669 pairs so far
  Processed 2,650,000 files, 2,239,354 pairs so far
  Processed 2,700,000 files, 2,259,730 pairs so far
  Processed 2,750,000 files, 2,281,255 pairs so far
  Processed 2,800,000 files, 2,302,004 pairs so far
  Processed 2,850,000 files, 2,324,222 pairs so far
  Processed 2,900,000 files, 2,345,013 pairs so far
  Processed 2,950,000 files, 2,365,944 pairs so far
  Processed 3,000,000 files, 2,386,702 pairs so far
  Processed 3,050,000 files, 2,407,693 pairs so far
  Processed 3,100,000 files, 2,428,456 pairs so far
  Processed 3,150,000 files, 2,450,724 pairs so far
  Processed 3,200,000 files, 2,471,982 pairs so far
  Processed 3,250,000 files, 2,493,469 pairs so far
  Processed 3,300,000 files, 2,514,562 pairs so far
  Processed 3,350,000 files, 2,535,951 pairs so far
  Processed 3,400,000 files, 2,557,277 pairs so far
  Processed 3,450,000 files, 2,579,636 pairs so far
  Processed 3,500,000 files, 2,600,113 pairs so far
  Processed 3,550,000 files, 2,622,179 pairs so far
  Processed 3,600,000 files, 2,646,303 pairs so far
  Processed 3,650,000 files, 2,667,566 pairs so far
  Processed 3,700,000 files, 2,688,821 pairs so far
  Processed 3,750,000 files, 2,711,454 pairs so far
  Processed 3,800,000 files, 2,733,366 pairs so far
  Processed 3,850,000 files, 2,754,668 pairs so far
  Processed 3,900,000 files, 2,776,451 pairs so far
  Processed 3,950,000 files, 2,799,535 pairs so far
  Processed 4,000,000 files, 2,820,949 pairs so far
  Processed 4,050,000 files, 2,840,706 pairs so far
  Processed 4,100,000 files, 2,862,410 pairs so far
  Processed 4,150,000 files, 2,884,068 pairs so far
  Processed 4,200,000 files, 2,906,487 pairs so far
  Processed 4,250,000 files, 2,928,589 pairs so far
  Processed 4,300,000 files, 2,951,413 pairs so far
  Processed 4,350,000 files, 2,973,642 pairs so far
  Processed 4,400,000 files, 2,994,464 pairs so far
  Processed 4,450,000 files, 3,015,188 pairs so far
  Processed 4,500,000 files, 3,036,484 pairs so far
  Processed 4,550,000 files, 3,058,075 pairs so far
  Processed 4,600,000 files, 3,078,482 pairs so far
  Processed 4,650,000 files, 3,100,066 pairs so far
  Processed 4,700,000 files, 3,120,631 pairs so far
  Processed 4,750,000 files, 3,141,160 pairs so far
  Processed 4,800,000 files, 3,161,624 pairs so far
  Processed 4,850,000 files, 3,183,596 pairs so far
  Processed 4,900,000 files, 3,204,914 pairs so far
  Processed 4,950,000 files, 3,226,563 pairs so far
  Processed 5,000,000 files, 3,247,575 pairs so far
  Processed 5,050,000 files, 3,268,074 pairs so far
  Processed 5,100,000 files, 3,289,208 pairs so far
  Processed 5,150,000 files, 3,310,568 pairs so far
  Processed 5,200,000 files, 3,332,974 pairs so far

Done: 5,219,829 files, 3,341,984 docstring-function pairs
Output: /home/dave/Downloads/source/nanochat/data/docstring_pairs_full.jsonl
